<?xml version="1.0" encoding="UTF-8"?>
<testng-results skipped="0" failed="0" ignored="0" total="1" passed="1">
  <reporter-output>
  </reporter-output>
  <suite name="Default suite" duration-ms="71819" started-at="2018-06-05T02:20:33Z" finished-at="2018-06-05T02:21:45Z">
    <groups>
    </groups>
    <test name="Default test" duration-ms="71819" started-at="2018-06-05T02:20:33Z" finished-at="2018-06-05T02:21:45Z">
      <class name="tests.TourBookingTest">
        <test-method status="PASS" signature="beforeTests()[pri:0, instance:tests.TourBookingTest@548a9f61]" name="beforeTests" is-config="true" duration-ms="27124" started-at="2018-06-05T12:20:33Z" finished-at="2018-06-05T12:21:00Z">
          <reporter-output>
          </reporter-output>
        </test-method> <!-- beforeTests -->
        <test-method status="PASS" signature="searchAndBookTourTest()[pri:0, instance:tests.TourBookingTest@548a9f61]" name="searchAndBookTourTest" duration-ms="42525" started-at="2018-06-05T12:21:00Z" finished-at="2018-06-05T12:21:43Z">
          <reporter-output>
          </reporter-output>
        </test-method> <!-- searchAndBookTourTest -->
        <test-method status="PASS" signature="afterEachTest(org.testng.ITestResult)[pri:0, instance:tests.TourBookingTest@548a9f61]" name="afterEachTest" is-config="true" duration-ms="5" started-at="2018-06-05T12:21:43Z" finished-at="2018-06-05T12:21:43Z">
          <params>
            <param index="0">
              <value>
                <![CDATA[[TestResult name=searchAndBookTourTest status=SUCCESS method=TourBookingTest.searchAndBookTourTest()[pri:0, instance:tests.TourBookingTest@548a9f61] output={null}]]]>
              </value>
            </param>
          </params>
          <reporter-output>
          </reporter-output>
        </test-method> <!-- afterEachTest -->
        <test-method status="PASS" signature="tearDown()[pri:0, instance:tests.TourBookingTest@548a9f61]" name="tearDown" is-config="true" duration-ms="2130" started-at="2018-06-05T12:21:43Z" finished-at="2018-06-05T12:21:45Z">
          <reporter-output>
          </reporter-output>
        </test-method> <!-- tearDown -->
      </class> <!-- tests.TourBookingTest -->
    </test> <!-- Default test -->
  </suite> <!-- Default suite -->
</testng-results>
